<?xml version="1.0" encoding="UTF-8"?>
<!-- Generated by org.testng.reporters.JUnitXMLReporter -->
<testsuite hostname="DESKTOP-K72D0KT" name="Device 2" tests="1" failures="1" timestamp="11 Oct 2017 20:40:59 GMT" time="83.122" errors="0">
  <testcase name="login" time="17.485" classname="com.experitest.reporter.task.Login">
    <failure type="org.openqa.selenium.NoSuchElementException" message="no such element (An element could not be located on the page using the given search parameters (TAG_NAME=&amp;apos;H1&amp;apos;))  (WARNING: The server did not provide any stacktrace information)
Command duration or timeout: 1.89 seconds
For documentation on this error, please visit: http://seleniumhq.org/exceptions/no_such_element.html
Build info: version: &amp;apos;2.53.1&amp;apos;, revision: &amp;apos;a36b8b1cd5757287168e54b817830adce9b0158d&amp;apos;, time: &amp;apos;2016-06-30 19:26:09&amp;apos;
System info: host: &amp;apos;DESKTOP-K72D0KT&amp;apos;, ip: &amp;apos;192.168.2.165&amp;apos;, os.name: &amp;apos;Windows 10&amp;apos;, os.arch: &amp;apos;amd64&amp;apos;, os.version: &amp;apos;10.0&amp;apos;, java.version: &amp;apos;1.8.0_101&amp;apos;
Driver info: io.appium.java_client.ios.IOSDriver
Capabilities [{device.majorVersion=10.x, dontGoHomeOnQuit=false, device.os=iOS, noReset=false, dontStopAppOnReset=false, reservationDuration=240, reportFormat=xml, fullReset=false, platform=ANY, desired={app=cloud:com.experitest.ExperiBank, build.id=11, deviceQuery=@os=&amp;apos;ios&amp;apos; and @category=&amp;apos;PHONE&amp;apos;, instrumentApp=true, bundleId=com.experitest.ExperiBank, reportDirectory=reports, reportFormat=xml, projectName=Default, platformName=iOS, testName=Untitled}, device.serialNumber=7dc39287e84ae7c6f1459f9ba1b8e7d84a8fd002, device.version=10.2.1, deviceQuery=@os=&amp;apos;ios&amp;apos; and @category=&amp;apos;PHONE&amp;apos;, automationName=XCUITest, reportDirectory=reports, autoWebview=false, platformName=iOS, testName=Untitled, device.screenSize=1242x2208, useKeystore=false, app=cloud:com.experitest.ExperiBank, build.id=11, cloudViewLink=http://stage.experitest.com:80/agent-15/#/N0Ch0eIGhR9lCN5X?1
Picked up Grid Node (seetest_7777)
Reserved Device : iPhone6s-plus_B16, instrumentApp=true, device.manufacture=Apple, device.category=PHONE, bundleId=cloud:com.experitest.ExperiBank, autoDismissAlerts=false, reportUrl=http://stage-reporter.experitest.com:80/#/test/2514, keystorePath=~/.android/debug.keystore, waitForDeviceTimeout=120000, device.model=iPhone 6s+, device.name=iPhone6s-plus_B16, projectName=Default, gridNodePort=7777, autoAcceptAlerts=false}]
Session ID: CLOUD-SID:2017-10-11_23-39-25-071902f7-d7e3-4c12-9dfb-64dff6331363
*** Element info: {Using=tag name, value=H1}">
      <![CDATA[org.openqa.selenium.NoSuchElementException: no such element (An element could not be located on the page using the given search parameters (TAG_NAME='H1'))  (WARNING: The server did not provide any stacktrace information)
Command duration or timeout: 1.89 seconds
For documentation on this error, please visit: http://seleniumhq.org/exceptions/no_such_element.html
Build info: version: '2.53.1', revision: 'a36b8b1cd5757287168e54b817830adce9b0158d', time: '2016-06-30 19:26:09'
System info: host: 'DESKTOP-K72D0KT', ip: '192.168.2.165', os.name: 'Windows 10', os.arch: 'amd64', os.version: '10.0', java.version: '1.8.0_101'
Driver info: io.appium.java_client.ios.IOSDriver
Capabilities [{device.majorVersion=10.x, dontGoHomeOnQuit=false, device.os=iOS, noReset=false, dontStopAppOnReset=false, reservationDuration=240, reportFormat=xml, fullReset=false, platform=ANY, desired={app=cloud:com.experitest.ExperiBank, build.id=11, deviceQuery=@os='ios' and @category='PHONE', instrumentApp=true, bundleId=com.experitest.ExperiBank, reportDirectory=reports, reportFormat=xml, projectName=Default, platformName=iOS, testName=Untitled}, device.serialNumber=7dc39287e84ae7c6f1459f9ba1b8e7d84a8fd002, device.version=10.2.1, deviceQuery=@os='ios' and @category='PHONE', automationName=XCUITest, reportDirectory=reports, autoWebview=false, platformName=iOS, testName=Untitled, device.screenSize=1242x2208, useKeystore=false, app=cloud:com.experitest.ExperiBank, build.id=11, cloudViewLink=http://stage.experitest.com:80/agent-15/#/N0Ch0eIGhR9lCN5X?1
Picked up Grid Node (seetest_7777)
Reserved Device : iPhone6s-plus_B16, instrumentApp=true, device.manufacture=Apple, device.category=PHONE, bundleId=cloud:com.experitest.ExperiBank, autoDismissAlerts=false, reportUrl=http://stage-reporter.experitest.com:80/#/test/2514, keystorePath=~/.android/debug.keystore, waitForDeviceTimeout=120000, device.model=iPhone 6s+, device.name=iPhone6s-plus_B16, projectName=Default, gridNodePort=7777, autoAcceptAlerts=false}]
Session ID: CLOUD-SID:2017-10-11_23-39-25-071902f7-d7e3-4c12-9dfb-64dff6331363
*** Element info: {Using=tag name, value=H1}
	at org.openqa.selenium.remote.ErrorHandler.createThrowable(ErrorHandler.java:206)
	at org.openqa.selenium.remote.ErrorHandler.throwIfResponseFailed(ErrorHandler.java:158)
	at org.openqa.selenium.remote.RemoteWebDriver.execute(RemoteWebDriver.java:678)
	at io.appium.java_client.DefaultGenericMobileDriver.execute(DefaultGenericMobileDriver.java:40)
	at io.appium.java_client.AppiumDriver.execute(AppiumDriver.java:1)
	at io.appium.java_client.ios.IOSDriver.execute(IOSDriver.java:1)
	at org.openqa.selenium.remote.RemoteWebDriver.findElement(RemoteWebDriver.java:363)
	at io.appium.java_client.DefaultGenericMobileDriver.findElement(DefaultGenericMobileDriver.java:56)
	at io.appium.java_client.AppiumDriver.findElement(AppiumDriver.java:1)
	at io.appium.java_client.ios.IOSDriver.findElement(IOSDriver.java:1)
	at org.openqa.selenium.remote.RemoteWebDriver.findElementByTagName(RemoteWebDriver.java:445)
	at io.appium.java_client.DefaultGenericMobileDriver.findElementByTagName(DefaultGenericMobileDriver.java:96)
	at io.appium.java_client.AppiumDriver.findElementByTagName(AppiumDriver.java:1)
	at io.appium.java_client.ios.IOSDriver.findElementByTagName(IOSDriver.java:1)
	at org.openqa.selenium.By$ByTagName.findElement(By.java:334)
	at org.openqa.selenium.remote.RemoteWebDriver.findElement(RemoteWebDriver.java:355)
	at io.appium.java_client.DefaultGenericMobileDriver.findElement(DefaultGenericMobileDriver.java:52)
	at io.appium.java_client.AppiumDriver.findElement(AppiumDriver.java:1)
	at io.appium.java_client.ios.IOSDriver.findElement(IOSDriver.java:1)
	at com.experitest.reporter.task.Login.login(Login.java:14)
	at java.util.concurrent.FutureTask.run(FutureTask.java:266)
	at java.util.concurrent.ThreadPoolExecutor.runWorker(ThreadPoolExecutor.java:1142)
	at java.util.concurrent.ThreadPoolExecutor$Worker.run(ThreadPoolExecutor.java:617)
	at java.lang.Thread.run(Thread.java:745)
... Removed 20 stack frames]]>
    </failure>
  </testcase> <!-- login -->
</testsuite> <!-- Device 2 -->
