<?xml version="1.0" encoding="UTF-8"?>
<testsuite xmlns:xsi="http://www.w3.org/2001/XMLSchema-instance" xsi:noNamespaceSchemaLocation="https://maven.apache.org/surefire/maven-surefire-plugin/xsd/surefire-test-report.xsd" name="TestSuite" time="0.853" tests="6" errors="0" skipped="4" failures="2">
  <properties>
[...]
</properties>
  <testcase name="beforeTest" classname="com.experitest.reporter.task.Login" time="0.66">
    <failure message="&#10;Parameter &apos;Type&apos; is required by @Configuration on method beforeTest but has not been marked @Optional or defined&#10;in C:\eclipse\exercise\task\testng.xml" type="org.testng.TestNGException">org.testng.TestNGException: 

Parameter 'Type' is required by @Configuration on method beforeTest but has not been marked @Optional or defined
in C:\eclipse\exercise\task\testng.xml
</failure>
  </testcase>
  <testcase name="beforeTest" classname="com.experitest.reporter.task.Login" time="0.66">
    <failure message="&#10;Parameter &apos;Type&apos; is required by @Configuration on method beforeTest but has not been marked @Optional or defined&#10;in C:\eclipse\exercise\task\testng.xml" type="org.testng.TestNGException">org.testng.TestNGException: 

Parameter 'Type' is required by @Configuration on method beforeTest but has not been marked @Optional or defined
in C:\eclipse\exercise\task\testng.xml
</failure>
  </testcase>
  <testcase name="login" classname="com.experitest.reporter.task.Login" time="0">
    <skipped/>
  </testcase>
  <testcase name="login" classname="com.experitest.reporter.task.Login" time="0">
    <skipped/>
  </testcase>
  <testcase name="afterClass" classname="com.experitest.reporter.task.Login" time="0">
    <skipped/>
  </testcase>
  <testcase name="afterClass" classname="com.experitest.reporter.task.Login" time="0">
    <skipped/>
  </testcase>
</testsuite>