<?xml version="1.0" encoding="UTF-8"?>
<testsuite xmlns:xsi="http://www.w3.org/2001/XMLSchema-instance" xsi:noNamespaceSchemaLocation="https://maven.apache.org/surefire/maven-surefire-plugin/xsd/surefire-test-report.xsd" name="TestSuite" time="87.041" tests="2" errors="0" skipped="0" failures="2">
  <properties>
[...]
</properties>
  <testcase name="login" classname="com.experitest.reporter.task.Login" time="15.408">
    <failure message="no such element (An element could not be located on the page using the given search parameters (TAG_NAME=&apos;H1&apos;))  (WARNING: The server did not provide any stacktrace information)&#10;Command duration or timeout: 1.89 seconds&#10;For documentation on this error, please visit: http://seleniumhq.org/exceptions/no_such_element.html&#10;Build info: version: &apos;2.53.1&apos;, revision: &apos;a36b8b1cd5757287168e54b817830adce9b0158d&apos;, time: &apos;2016-06-30 19:26:09&apos;&#10;System info: host: &apos;DESKTOP-K72D0KT&apos;, ip: &apos;192.168.2.165&apos;, os.name: &apos;Windows 10&apos;, os.arch: &apos;amd64&apos;, os.version: &apos;10.0&apos;, java.version: &apos;1.8.0_101&apos;&#10;Driver info: io.appium.java_client.ios.IOSDriver&#10;Capabilities [{device.majorVersion=10.x, dontGoHomeOnQuit=false, device.os=iOS, noReset=false, dontStopAppOnReset=false, reservationDuration=240, reportFormat=xml, fullReset=false, platform=ANY, desired={app=cloud:com.experitest.ExperiBank, build.id=11, deviceQuery=@os=&apos;ios&apos; and @category=&apos;PHONE&apos;, instrumentApp=true, bundleId=com.experitest.ExperiBank, reportDirectory=reports, reportFormat=xml, projectName=Default, platformName=iOS, testName=Untitled}, device.serialNumber=7dc39287e84ae7c6f1459f9ba1b8e7d84a8fd002, device.version=10.2.1, deviceQuery=@os=&apos;ios&apos; and @category=&apos;PHONE&apos;, automationName=XCUITest, reportDirectory=reports, autoWebview=false, platformName=iOS, testName=Untitled, device.screenSize=1242x2208, useKeystore=false, app=cloud:com.experitest.ExperiBank, build.id=11, cloudViewLink=http://stage.experitest.com:80/agent-15/#/N0Ch0eIGhR9lCN5X?1&#10;Picked up Grid Node (seetest_7777)&#10;Reserved Device : iPhone6s-plus_B16, instrumentApp=true, device.manufacture=Apple, device.category=PHONE, bundleId=cloud:com.experitest.ExperiBank, autoDismissAlerts=false, reportUrl=http://stage-reporter.experitest.com:80/#/test/2514, keystorePath=~/.android/debug.keystore, waitForDeviceTimeout=120000, device.model=iPhone 6s+, device.name=iPhone6s-plus_B16, projectName=Default, gridNodePort=7777, autoAcceptAlerts=false}]&#10;Session ID: CLOUD-SID:2017-10-11_23-39-25-071902f7-d7e3-4c12-9dfb-64dff6331363&#10;*** Element info: {Using=tag name, value=H1}" type="org.openqa.selenium.NoSuchElementException">org.openqa.selenium.NoSuchElementException: 
no such element (An element could not be located on the page using the given search parameters (TAG_NAME='H1'))  (WARNING: The server did not provide any stacktrace information)
Command duration or timeout: 1.89 seconds
For documentation on this error, please visit: http://seleniumhq.org/exceptions/no_such_element.html
Build info: version: '2.53.1', revision: 'a36b8b1cd5757287168e54b817830adce9b0158d', time: '2016-06-30 19:26:09'
System info: host: 'DESKTOP-K72D0KT', ip: '192.168.2.165', os.name: 'Windows 10', os.arch: 'amd64', os.version: '10.0', java.version: '1.8.0_101'
Driver info: io.appium.java_client.ios.IOSDriver
Capabilities [{device.majorVersion=10.x, dontGoHomeOnQuit=false, device.os=iOS, noReset=false, dontStopAppOnReset=false, reservationDuration=240, reportFormat=xml, fullReset=false, platform=ANY, desired={app=cloud:com.experitest.ExperiBank, build.id=11, deviceQuery=@os='ios' and @category='PHONE', instrumentApp=true, bundleId=com.experitest.ExperiBank, reportDirectory=reports, reportFormat=xml, projectName=Default, platformName=iOS, testName=Untitled}, device.serialNumber=7dc39287e84ae7c6f1459f9ba1b8e7d84a8fd002, device.version=10.2.1, deviceQuery=@os='ios' and @category='PHONE', automationName=XCUITest, reportDirectory=reports, autoWebview=false, platformName=iOS, testName=Untitled, device.screenSize=1242x2208, useKeystore=false, app=cloud:com.experitest.ExperiBank, build.id=11, cloudViewLink=http://stage.experitest.com:80/agent-15/#/N0Ch0eIGhR9lCN5X?1
Picked up Grid Node (seetest_7777)
Reserved Device : iPhone6s-plus_B16, instrumentApp=true, device.manufacture=Apple, device.category=PHONE, bundleId=cloud:com.experitest.ExperiBank, autoDismissAlerts=false, reportUrl=http://stage-reporter.experitest.com:80/#/test/2514, keystorePath=~/.android/debug.keystore, waitForDeviceTimeout=120000, device.model=iPhone 6s+, device.name=iPhone6s-plus_B16, projectName=Default, gridNodePort=7777, autoAcceptAlerts=false}]
Session ID: CLOUD-SID:2017-10-11_23-39-25-071902f7-d7e3-4c12-9dfb-64dff6331363
*** Element info: {Using=tag name, value=H1}
	at com.experitest.reporter.task.Login.login(Login.java:14)
</failure>
    <system-out><![CDATA[iOS
11
iOS
11
]]></system-out>
  </testcase>
  <testcase name="login" classname="com.experitest.reporter.task.Login" time="20.544">
    <failure message="no such element (An element could not be located on the page using the given search parameters (TAG_NAME=&apos;H1&apos;))  (WARNING: The server did not provide any stacktrace information)&#10;Command duration or timeout: 1.96 seconds&#10;For documentation on this error, please visit: http://seleniumhq.org/exceptions/no_such_element.html&#10;Build info: version: &apos;2.53.1&apos;, revision: &apos;a36b8b1cd5757287168e54b817830adce9b0158d&apos;, time: &apos;2016-06-30 19:26:09&apos;&#10;System info: host: &apos;DESKTOP-K72D0KT&apos;, ip: &apos;192.168.2.165&apos;, os.name: &apos;Windows 10&apos;, os.arch: &apos;amd64&apos;, os.version: &apos;10.0&apos;, java.version: &apos;1.8.0_101&apos;&#10;Driver info: io.appium.java_client.ios.IOSDriver&#10;Capabilities [{device.majorVersion=10.x, dontGoHomeOnQuit=false, device.os=iOS, noReset=false, dontStopAppOnReset=false, reservationDuration=240, reportFormat=xml, fullReset=false, platform=ANY, desired={app=cloud:com.experitest.ExperiBank, build.id=11, deviceQuery=@os=&apos;ios&apos; and @category=&apos;PHONE&apos;, instrumentApp=true, bundleId=com.experitest.ExperiBank, reportDirectory=reports, reportFormat=xml, projectName=Default, platformName=iOS, testName=Untitled}, device.serialNumber=1e3289cb21bbb133c149e1e8529bde19dc31b91a, device.version=10.2.1, deviceQuery=@os=&apos;ios&apos; and @category=&apos;PHONE&apos;, automationName=XCUITest, reportDirectory=reports, autoWebview=false, platformName=iOS, testName=Untitled, device.screenSize=640x1136, useKeystore=false, app=cloud:com.experitest.ExperiBank, build.id=11, cloudViewLink=http://stage.experitest.com:80/agent-20/#/xI4Te3gX3hFWG98v?1&#10;Picked up Grid Node (seetest_7777)&#10;Reserved Device : iPhone5_B13, instrumentApp=true, device.manufacture=Apple, device.category=PHONE, bundleId=cloud:com.experitest.ExperiBank, autoDismissAlerts=false, reportUrl=http://stage-reporter.experitest.com:80/#/test/2513, keystorePath=~/.android/debug.keystore, waitForDeviceTimeout=120000, device.model=iPhone 5s, device.name=iPhone5_B13, projectName=Default, gridNodePort=7777, autoAcceptAlerts=false}]&#10;Session ID: CLOUD-SID:2017-10-11_23-39-25-ad1e1572-36da-4a91-a02b-048b5b7aa25c&#10;*** Element info: {Using=tag name, value=H1}" type="org.openqa.selenium.NoSuchElementException">org.openqa.selenium.NoSuchElementException: 
no such element (An element could not be located on the page using the given search parameters (TAG_NAME='H1'))  (WARNING: The server did not provide any stacktrace information)
Command duration or timeout: 1.96 seconds
For documentation on this error, please visit: http://seleniumhq.org/exceptions/no_such_element.html
Build info: version: '2.53.1', revision: 'a36b8b1cd5757287168e54b817830adce9b0158d', time: '2016-06-30 19:26:09'
System info: host: 'DESKTOP-K72D0KT', ip: '192.168.2.165', os.name: 'Windows 10', os.arch: 'amd64', os.version: '10.0', java.version: '1.8.0_101'
Driver info: io.appium.java_client.ios.IOSDriver
Capabilities [{device.majorVersion=10.x, dontGoHomeOnQuit=false, device.os=iOS, noReset=false, dontStopAppOnReset=false, reservationDuration=240, reportFormat=xml, fullReset=false, platform=ANY, desired={app=cloud:com.experitest.ExperiBank, build.id=11, deviceQuery=@os='ios' and @category='PHONE', instrumentApp=true, bundleId=com.experitest.ExperiBank, reportDirectory=reports, reportFormat=xml, projectName=Default, platformName=iOS, testName=Untitled}, device.serialNumber=1e3289cb21bbb133c149e1e8529bde19dc31b91a, device.version=10.2.1, deviceQuery=@os='ios' and @category='PHONE', automationName=XCUITest, reportDirectory=reports, autoWebview=false, platformName=iOS, testName=Untitled, device.screenSize=640x1136, useKeystore=false, app=cloud:com.experitest.ExperiBank, build.id=11, cloudViewLink=http://stage.experitest.com:80/agent-20/#/xI4Te3gX3hFWG98v?1
Picked up Grid Node (seetest_7777)
Reserved Device : iPhone5_B13, instrumentApp=true, device.manufacture=Apple, device.category=PHONE, bundleId=cloud:com.experitest.ExperiBank, autoDismissAlerts=false, reportUrl=http://stage-reporter.experitest.com:80/#/test/2513, keystorePath=~/.android/debug.keystore, waitForDeviceTimeout=120000, device.model=iPhone 5s, device.name=iPhone5_B13, projectName=Default, gridNodePort=7777, autoAcceptAlerts=false}]
Session ID: CLOUD-SID:2017-10-11_23-39-25-ad1e1572-36da-4a91-a02b-048b5b7aa25c
*** Element info: {Using=tag name, value=H1}
	at com.experitest.reporter.task.Login.login(Login.java:14)
</failure>
  </testcase>
</testsuite>